go go, powerrangers!
ranks: 1024
dim: (151, 151, 151)
TracingWriter::initialized()
  time: 2013-Jun-30 22:04:41.713663
TracingWriter::stepFinished()
  step: 1 of 200
  elapsed: 00:05:15.439628
  remaining: 17:26:12.485972
  ETA:  2013-Jul-01 15:36:09.638788
  speed: 1.09148e-05 GLUPS
  effective memory bandwidth 0.134121 GB/s
  time: 2013-Jun-30 22:09:57.157194
2013-06-30 22:14:18.686 (WARN ) [0x400011d8c80] :ibm.runjob.LogSignalInfo: received signal 24
2013-06-30 22:14:18.687 (WARN ) [0x400011d8c80] :ibm.runjob.LogSignalInfo: signal sent from USER
2013-06-30 22:14:18.687 (WARN ) [0x400011d8c80] :ibm.runjob.LogSignalInfo: sent from pid 19879
2013-06-30 22:14:18.687 (WARN ) [0x400011d8c80] :ibm.runjob.LogSignalInfo: could not read /proc/19879/exe
2013-06-30 22:14:18.687 (WARN ) [0x400011d8c80] :ibm.runjob.LogSignalInfo: Permission denied
2013-06-30 22:14:18.687 (WARN ) [0x400011d8c80] :ibm.runjob.LogSignalInfo: sent from uid 0 (root)
2013-06-30 22:14:20.008 (WARN ) [0x400011d8c80] :516099:ibm.runjob.client.Job: terminated by signal 9
2013-06-30 22:14:20.008 (WARN ) [0x400011d8c80] :516099:ibm.runjob.client.Job: abnormal termination by signal 9 from rank 0
