go go, powerrangers!
ranks: 2048
dim: (190, 190, 190)
TracingWriter::initialized()
  time: 2013-Jun-30 22:13:57.858481
TracingWriter::stepFinished()
  step: 1 of 200
  elapsed: 00:05:48.787643
  remaining: 19:16:48.740957
  ETA:  2013-Jul-01 17:36:35.386585
  speed: 1.96653e-05 GLUPS
  effective memory bandwidth 0.241647 GB/s
  time: 2013-Jun-30 22:19:46.649618
2013-06-30 22:23:37.598 (WARN ) [0x40000fd8c80] :ibm.runjob.LogSignalInfo: received signal 24
2013-06-30 22:23:37.598 (WARN ) [0x40000fd8c80] :ibm.runjob.LogSignalInfo: signal sent from USER
2013-06-30 22:23:37.598 (WARN ) [0x40000fd8c80] :ibm.runjob.LogSignalInfo: sent from pid 2766
2013-06-30 22:23:37.599 (WARN ) [0x40000fd8c80] :ibm.runjob.LogSignalInfo: could not read /proc/2766/exe
2013-06-30 22:23:37.599 (WARN ) [0x40000fd8c80] :ibm.runjob.LogSignalInfo: Permission denied
2013-06-30 22:23:37.599 (WARN ) [0x40000fd8c80] :ibm.runjob.LogSignalInfo: sent from uid 0 (root)
2013-06-30 22:23:38.940 (WARN ) [0x40000fd8c80] :516107:ibm.runjob.client.Job: terminated by signal 9
2013-06-30 22:23:38.940 (WARN ) [0x40000fd8c80] :516107:ibm.runjob.client.Job: abnormal termination by signal 9 from rank 1670
