go go, powerrangers!
ranks: 524288
dim: (1209, 1209, 1209)
TracingWriter::initialized()
  time: 2013-Jul-06 10:01:10.794272
TracingWriter::stepFinished()
  step: 1 of 200
  elapsed: 00:05:41.225835
  remaining: 18:51:43.941165
  ETA:  2013-Jul-07 04:58:35.960705
  speed: 0.00517889 GLUPS
  effective memory bandwidth 63.6382 GB/s
  time: 2013-Jul-06 10:06:52.023566
2013-07-06 10:09:58.646 (WARN ) [0x400011d8c80] :ibm.runjob.LogSignalInfo: received signal 24
2013-07-06 10:09:58.647 (WARN ) [0x400011d8c80] :ibm.runjob.LogSignalInfo: signal sent from USER
2013-07-06 10:09:58.647 (WARN ) [0x400011d8c80] :ibm.runjob.LogSignalInfo: sent from pid 28493
2013-07-06 10:09:58.647 (WARN ) [0x400011d8c80] :ibm.runjob.LogSignalInfo: could not read /proc/28493/exe
2013-07-06 10:09:58.647 (WARN ) [0x400011d8c80] :ibm.runjob.LogSignalInfo: Permission denied
2013-07-06 10:09:58.647 (WARN ) [0x400011d8c80] :ibm.runjob.LogSignalInfo: sent from uid 0 (root)
2013-07-06 10:10:00.808 (WARN ) [0x400011d8c80] :607153:ibm.runjob.client.Job: terminated by signal 9
2013-07-06 10:10:00.808 (WARN ) [0x400011d8c80] :607153:ibm.runjob.client.Job: abnormal termination by signal 9 from rank 75715
2013-07-06 10:10:00.808 (WARN ) [0x400011d8c80] :607153:ibm.runjob.client.Job: 62 RAS events
2013-07-06 10:10:00.809 (WARN ) [0x400011d8c80] :607153:ibm.runjob.client.Job: most recent RAS event text: DDR Correctable Error Summary : count=2 MCFIR error status:  [MEMORY_CE] This bit is set when a memory CE is detected on a non-maintenance memory read op;
