go go, powerrangers!
ranks: 2048
dim: (190, 190, 190)
TracingWriter::initialized()
  time: 2013-Jun-29 16:25:04.635883
TracingWriter::stepFinished()
  step: 1 of 200
  elapsed: 00:05:48.432374
  remaining: 19:15:38.042426
  ETA:  2013-Jun-30 11:46:31.110178
  speed: 1.96853e-05 GLUPS
  effective memory bandwidth 0.241893 GB/s
  time: 2013-Jun-29 16:30:53.071372
2013-06-29 16:34:52.784 (WARN ) [0x40000fd8c80] :ibm.runjob.LogSignalInfo: received signal 24
2013-06-29 16:34:52.785 (WARN ) [0x40000fd8c80] :ibm.runjob.LogSignalInfo: signal sent from USER
2013-06-29 16:34:52.785 (WARN ) [0x40000fd8c80] :ibm.runjob.LogSignalInfo: sent from pid 14614
2013-06-29 16:34:52.785 (WARN ) [0x40000fd8c80] :ibm.runjob.LogSignalInfo: could not read /proc/14614/exe
2013-06-29 16:34:52.785 (WARN ) [0x40000fd8c80] :ibm.runjob.LogSignalInfo: Permission denied
2013-06-29 16:34:52.785 (WARN ) [0x40000fd8c80] :ibm.runjob.LogSignalInfo: sent from uid 0 (root)
2013-06-29 16:34:54.127 (WARN ) [0x40000fd8c80] :499406:ibm.runjob.client.Job: terminated by signal 9
2013-06-29 16:34:54.127 (WARN ) [0x40000fd8c80] :499406:ibm.runjob.client.Job: abnormal termination by signal 9 from rank 1924
