go go, powerrangers!
ranks: 2048
dim: (190, 190, 190)
TracingWriter::initialized()
  time: 2013-Jun-30 10:39:09.515260
TracingWriter::stepFinished()
  step: 1 of 200
  elapsed: 00:05:48.420767
  remaining: 19:15:35.732633
  ETA:  2013-Jul-01 06:00:33.668165
  speed: 1.9686e-05 GLUPS
  effective memory bandwidth 0.241901 GB/s
  time: 2013-Jun-30 10:44:57.951952
2013-06-30 10:48:52.831 (WARN ) [0x40000fd8c80] :ibm.runjob.LogSignalInfo: received signal 24
2013-06-30 10:48:52.831 (WARN ) [0x40000fd8c80] :ibm.runjob.LogSignalInfo: signal sent from USER
2013-06-30 10:48:52.832 (WARN ) [0x40000fd8c80] :ibm.runjob.LogSignalInfo: sent from pid 24567
2013-06-30 10:48:52.832 (WARN ) [0x40000fd8c80] :ibm.runjob.LogSignalInfo: could not read /proc/24567/exe
2013-06-30 10:48:52.832 (WARN ) [0x40000fd8c80] :ibm.runjob.LogSignalInfo: Permission denied
2013-06-30 10:48:52.832 (WARN ) [0x40000fd8c80] :ibm.runjob.LogSignalInfo: sent from uid 0 (root)
2013-06-30 10:48:54.193 (WARN ) [0x40000fd8c80] :515010:ibm.runjob.client.Job: terminated by signal 9
2013-06-30 10:48:54.194 (WARN ) [0x40000fd8c80] :515010:ibm.runjob.client.Job: abnormal termination by signal 9 from rank 1286
