go go, powerrangers!
ranks: 524288
dim: (1209, 1209, 1209)
TracingWriter::initialized()
  time: 2013-Jul-06 14:25:00.281779
TracingWriter::stepFinished()
  step: 1 of 200
  elapsed: 00:05:41.342795
  remaining: 18:52:07.216205
  ETA:  2013-Jul-07 09:22:48.840216
  speed: 0.00517712 GLUPS
  effective memory bandwidth 63.6164 GB/s
  time: 2013-Jul-06 14:30:41.628042
2013-07-06 14:33:51.405 (WARN ) [0x400011d8c80] :ibm.runjob.LogSignalInfo: received signal 24
2013-07-06 14:33:51.406 (WARN ) [0x400011d8c80] :ibm.runjob.LogSignalInfo: signal sent from USER
2013-07-06 14:33:51.406 (WARN ) [0x400011d8c80] :ibm.runjob.LogSignalInfo: sent from pid 12430
2013-07-06 14:33:51.406 (WARN ) [0x400011d8c80] :ibm.runjob.LogSignalInfo: could not read /proc/12430/exe
2013-07-06 14:33:51.406 (WARN ) [0x400011d8c80] :ibm.runjob.LogSignalInfo: Permission denied
2013-07-06 14:33:51.406 (WARN ) [0x400011d8c80] :ibm.runjob.LogSignalInfo: sent from uid 0 (root)
2013-07-06 14:33:53.537 (WARN ) [0x400011d8c80] :607192:ibm.runjob.client.Job: terminated by signal 9
2013-07-06 14:33:53.537 (WARN ) [0x400011d8c80] :607192:ibm.runjob.client.Job: abnormal termination by signal 9 from rank 6599
2013-07-06 14:33:53.537 (WARN ) [0x400011d8c80] :607192:ibm.runjob.client.Job: 2 RAS events
2013-07-06 14:33:53.537 (WARN ) [0x400011d8c80] :607192:ibm.runjob.client.Job: most recent RAS event text: DDR Correctable Error Summary : count=2 MCFIR error status:  [MEMORY_CE] This bit is set when a memory CE is detected on a non-maintenance memory read op;
