go go, powerrangers!
ranks: 262144
dim: (959, 959, 959)
TracingWriter::initialized()
  time: 2013-Jun-30 10:28:28.427191
TracingWriter::stepFinished()
  step: 1 of 200
  elapsed: 00:05:54.519127
  remaining: 19:35:49.306273
  ETA:  2013-Jul-01 06:10:12.252045
  speed: 0.0024878 GLUPS
  effective memory bandwidth 30.5701 GB/s
  time: 2013-Jun-30 10:34:22.949800
2013-06-30 10:37:57.675 (WARN ) [0x400011d8c80] :ibm.runjob.LogSignalInfo: received signal 24
2013-06-30 10:37:57.675 (WARN ) [0x400011d8c80] :ibm.runjob.LogSignalInfo: signal sent from USER
2013-06-30 10:37:57.675 (WARN ) [0x400011d8c80] :ibm.runjob.LogSignalInfo: sent from pid 5964
2013-06-30 10:37:57.675 (WARN ) [0x400011d8c80] :ibm.runjob.LogSignalInfo: could not read /proc/5964/exe
2013-06-30 10:37:57.675 (WARN ) [0x400011d8c80] :ibm.runjob.LogSignalInfo: Permission denied
2013-06-30 10:37:57.676 (WARN ) [0x400011d8c80] :ibm.runjob.LogSignalInfo: sent from uid 0 (root)
2013-06-30 10:37:59.851 (WARN ) [0x400011d8c80] :514995:ibm.runjob.client.Job: terminated by signal 9
2013-06-30 10:37:59.851 (WARN ) [0x400011d8c80] :514995:ibm.runjob.client.Job: abnormal termination by signal 9 from rank 91842
2013-06-30 10:37:59.851 (WARN ) [0x400011d8c80] :514995:ibm.runjob.client.Job: 16 RAS events
2013-06-30 10:37:59.851 (WARN ) [0x400011d8c80] :514995:ibm.runjob.client.Job: most recent RAS event text: DDR Correctable Error Summary : count=10 MCFIR error status:  [MEMORY_CE] This bit is set when a memory CE is detected on a non-maintenance memory read op;
