go go, powerrangers!
ranks: 131072
dim: (761, 761, 761)
TracingWriter::initialized()
  time: 2013-Jun-29 17:37:26.638626
TracingWriter::stepFinished()
  step: 1 of 200
  elapsed: 00:06:03.108186
  remaining: 20:04:18.529014
  ETA:  2013-Jun-30 13:47:48.275286
  speed: 0.00121372 GLUPS
  effective memory bandwidth 14.9142 GB/s
  time: 2013-Jun-29 17:43:29.750303
2013-06-29 17:46:30.975 (WARN ) [0x40000fd8c80] :ibm.runjob.LogSignalInfo: received signal 24
2013-06-29 17:46:30.975 (WARN ) [0x40000fd8c80] :ibm.runjob.LogSignalInfo: signal sent from USER
2013-06-29 17:46:30.975 (WARN ) [0x40000fd8c80] :ibm.runjob.LogSignalInfo: sent from pid 9733
2013-06-29 17:46:30.975 (WARN ) [0x40000fd8c80] :ibm.runjob.LogSignalInfo: could not read /proc/9733/exe
2013-06-29 17:46:30.975 (WARN ) [0x40000fd8c80] :ibm.runjob.LogSignalInfo: Permission denied
2013-06-29 17:46:30.976 (WARN ) [0x40000fd8c80] :ibm.runjob.LogSignalInfo: sent from uid 0 (root)
2013-06-29 17:46:33.085 (WARN ) [0x40000fd8c80] :501486:ibm.runjob.client.Job: terminated by signal 9
2013-06-29 17:46:33.085 (WARN ) [0x40000fd8c80] :501486:ibm.runjob.client.Job: abnormal termination by signal 9 from rank 30788
2013-06-29 17:46:33.085 (WARN ) [0x40000fd8c80] :501486:ibm.runjob.client.Job: 2 RAS events
2013-06-29 17:46:33.085 (WARN ) [0x40000fd8c80] :501486:ibm.runjob.client.Job: most recent RAS event text: DDR Correctable Error Summary : count=1 MCFIR error status:  [MEMORY_CE] This bit is set when a memory CE is detected on a non-maintenance memory read op;
