go go, powerrangers!
ranks: 2048
dim: (190, 190, 190)
TracingWriter::initialized()
  time: 2013-Jun-29 16:27:34.391271
TracingWriter::stepFinished()
  step: 1 of 200
  elapsed: 00:05:48.342301
  remaining: 19:15:20.117899
  ETA:  2013-Jun-30 11:48:42.850973
  speed: 1.96904e-05 GLUPS
  effective memory bandwidth 0.241956 GB/s
  time: 2013-Jun-29 16:33:22.737927
2013-06-29 16:37:14.724 (WARN ) [0x40000fd8c80] :ibm.runjob.LogSignalInfo: received signal 24
2013-06-29 16:37:14.725 (WARN ) [0x40000fd8c80] :ibm.runjob.LogSignalInfo: signal sent from USER
2013-06-29 16:37:14.725 (WARN ) [0x40000fd8c80] :ibm.runjob.LogSignalInfo: sent from pid 963
2013-06-29 16:37:14.725 (WARN ) [0x40000fd8c80] :ibm.runjob.LogSignalInfo: could not read /proc/963/exe
2013-06-29 16:37:14.725 (WARN ) [0x40000fd8c80] :ibm.runjob.LogSignalInfo: Permission denied
2013-06-29 16:37:14.725 (WARN ) [0x40000fd8c80] :ibm.runjob.LogSignalInfo: sent from uid 0 (root)
2013-06-29 16:37:16.055 (WARN ) [0x40000fd8c80] :499437:ibm.runjob.client.Job: terminated by signal 9
2013-06-29 16:37:16.055 (WARN ) [0x40000fd8c80] :499437:ibm.runjob.client.Job: abnormal termination by signal 9 from rank 1536
