go go, powerrangers!
ranks: 2048
dim: (90, 90, 90)
TracingWriter::initialized()
  time: 2013-Jun-29 16:39:00.849226
TracingWriter::stepFinished()
  step: 2 of 200
  elapsed: 00:01:09.445584
  remaining: 01:54:35.112816
  ETA:  2013-Jun-29 18:34:45.407099
  speed: 2.09949e-05 GLUPS
  effective memory bandwidth 0.257985 GB/s
  time: 2013-Jun-29 16:40:10.297818
TracingWriter::stepFinished()
  step: 4 of 200
  elapsed: 00:02:20.294821
  remaining: 01:54:34.446229
  ETA:  2013-Jun-29 18:35:55.589749
  speed: 2.07848e-05 GLUPS
  effective memory bandwidth 0.255404 GB/s
  time: 2013-Jun-29 16:41:21.148136
TracingWriter::stepFinished()
  step: 6 of 200
  elapsed: 00:03:41.914550
  remaining: 01:59:35.237116
  ETA:  2013-Jun-29 18:42:18.000365
  speed: 1.97103e-05 GLUPS
  effective memory bandwidth 0.2422 GB/s
  time: 2013-Jun-29 16:42:42.766491
TracingWriter::stepFinished()
  step: 8 of 200
  elapsed: 00:05:03.675005
  remaining: 02:01:28.200120
  ETA:  2013-Jun-29 18:45:32.723824
  speed: 1.92047e-05 GLUPS
  effective memory bandwidth 0.235988 GB/s
  time: 2013-Jun-29 16:44:04.527647
TracingWriter::stepFinished()
  step: 10 of 200
  elapsed: 00:06:25.290077
  remaining: 02:02:00.511463
  ETA:  2013-Jun-29 18:47:26.650239
  speed: 1.89208e-05 GLUPS
  effective memory bandwidth 0.232499 GB/s
  time: 2013-Jun-29 16:45:26.142046
TracingWriter::stepFinished()
  step: 12 of 200
  elapsed: 00:07:46.958486
  remaining: 02:01:55.682947
  ETA:  2013-Jun-29 18:48:43.490132
  speed: 1.8734e-05 GLUPS
  effective memory bandwidth 0.230203 GB/s
  time: 2013-Jun-29 16:46:47.810434
TracingWriter::stepFinished()
  step: 14 of 200
  elapsed: 00:09:08.153473
  remaining: 02:01:22.610427
  ETA:  2013-Jun-29 18:49:31.612599
  speed: 1.86189e-05 GLUPS
  effective memory bandwidth 0.228789 GB/s
  time: 2013-Jun-29 16:48:09.006107
2013-06-29 16:48:41.508 (WARN ) [0x40000fd8c80] :ibm.runjob.LogSignalInfo: received signal 24
2013-06-29 16:48:41.508 (WARN ) [0x40000fd8c80] :ibm.runjob.LogSignalInfo: signal sent from USER
2013-06-29 16:48:41.508 (WARN ) [0x40000fd8c80] :ibm.runjob.LogSignalInfo: sent from pid 5210
2013-06-29 16:48:41.509 (WARN ) [0x40000fd8c80] :ibm.runjob.LogSignalInfo: could not read /proc/5210/exe
2013-06-29 16:48:41.509 (WARN ) [0x40000fd8c80] :ibm.runjob.LogSignalInfo: Permission denied
2013-06-29 16:48:41.509 (WARN ) [0x40000fd8c80] :ibm.runjob.LogSignalInfo: sent from uid 0 (root)
2013-06-29 16:48:42.844 (WARN ) [0x40000fd8c80] :499601:ibm.runjob.client.Job: terminated by signal 9
2013-06-29 16:48:42.844 (WARN ) [0x40000fd8c80] :499601:ibm.runjob.client.Job: abnormal termination by signal 9 from rank 1411
