go go, powerrangers!
ranks: 65536
dim: (604, 604, 604)
TracingWriter::initialized()
  time: 2013-Jun-29 17:17:51.336893
TracingWriter::stepFinished()
  step: 1 of 200
  elapsed: 00:06:15.986658
  remaining: 20:47:01.344942
  ETA:  2013-Jun-30 14:11:08.667847
  speed: 0.000586055 GLUPS
  effective memory bandwidth 7.20144 GB/s
  time: 2013-Jun-29 17:24:07.329966
2013-06-29 17:26:57.432 (WARN ) [0x40000fd8c80] :ibm.runjob.LogSignalInfo: received signal 24
2013-06-29 17:26:57.432 (WARN ) [0x40000fd8c80] :ibm.runjob.LogSignalInfo: signal sent from USER
2013-06-29 17:26:57.432 (WARN ) [0x40000fd8c80] :ibm.runjob.LogSignalInfo: sent from pid 1762
2013-06-29 17:26:57.432 (WARN ) [0x40000fd8c80] :ibm.runjob.LogSignalInfo: could not read /proc/1762/exe
2013-06-29 17:26:57.432 (WARN ) [0x40000fd8c80] :ibm.runjob.LogSignalInfo: Permission denied
2013-06-29 17:26:57.433 (WARN ) [0x40000fd8c80] :ibm.runjob.LogSignalInfo: sent from uid 0 (root)
2013-06-29 17:26:59.541 (WARN ) [0x40000fd8c80] :500754:ibm.runjob.client.Job: terminated by signal 9
2013-06-29 17:26:59.541 (WARN ) [0x40000fd8c80] :500754:ibm.runjob.client.Job: abnormal termination by signal 9 from rank 37763
2013-06-29 17:26:59.541 (WARN ) [0x40000fd8c80] :500754:ibm.runjob.client.Job: 2 RAS events
2013-06-29 17:26:59.541 (WARN ) [0x40000fd8c80] :500754:ibm.runjob.client.Job: most recent RAS event text: DDR Correctable Error Summary : count=1 MCFIR error status:  [MEMORY_CE] This bit is set when a memory CE is detected on a non-maintenance memory read op;
