go go, powerrangers!
ranks: 2048
dim: (190, 190, 190)
TracingWriter::initialized()
  time: 2013-Jun-30 10:39:07.202781
TracingWriter::stepFinished()
  step: 1 of 200
  elapsed: 00:05:48.850712
  remaining: 19:17:01.291688
  ETA:  2013-Jul-01 06:01:57.344676
  speed: 1.96617e-05 GLUPS
  effective memory bandwidth 0.241603 GB/s
  time: 2013-Jun-30 10:44:56.057043
2013-06-30 10:48:43.137 (WARN ) [0x40000fd8c80] :ibm.runjob.LogSignalInfo: received signal 24
2013-06-30 10:48:43.137 (WARN ) [0x40000fd8c80] :ibm.runjob.LogSignalInfo: signal sent from USER
2013-06-30 10:48:43.137 (WARN ) [0x40000fd8c80] :ibm.runjob.LogSignalInfo: sent from pid 24008
2013-06-30 10:48:43.137 (WARN ) [0x40000fd8c80] :ibm.runjob.LogSignalInfo: could not read /proc/24008/exe
2013-06-30 10:48:43.137 (WARN ) [0x40000fd8c80] :ibm.runjob.LogSignalInfo: Permission denied
2013-06-30 10:48:43.138 (WARN ) [0x40000fd8c80] :ibm.runjob.LogSignalInfo: sent from uid 0 (root)
2013-06-30 10:48:44.507 (WARN ) [0x40000fd8c80] :515007:ibm.runjob.client.Job: terminated by signal 9
2013-06-30 10:48:44.507 (WARN ) [0x40000fd8c80] :515007:ibm.runjob.client.Job: abnormal termination by signal 9 from rank 391
