go go, powerrangers!
ranks: 2048
dim: (190, 190, 190)
TracingWriter::initialized()
  time: 2013-Jun-29 16:26:32.786554
TracingWriter::stepFinished()
  step: 1 of 200
  elapsed: 00:05:48.436719
  remaining: 19:15:38.907081
  ETA:  2013-Jun-30 11:48:00.129857
  speed: 1.96851e-05 GLUPS
  effective memory bandwidth 0.24189 GB/s
  time: 2013-Jun-29 16:32:21.228502
2013-06-29 16:36:12.927 (WARN ) [0x40000fd8c80] :ibm.runjob.LogSignalInfo: received signal 24
2013-06-29 16:36:12.927 (WARN ) [0x40000fd8c80] :ibm.runjob.LogSignalInfo: signal sent from USER
2013-06-29 16:36:12.927 (WARN ) [0x40000fd8c80] :ibm.runjob.LogSignalInfo: sent from pid 32671
2013-06-29 16:36:12.927 (WARN ) [0x40000fd8c80] :ibm.runjob.LogSignalInfo: could not read /proc/32671/exe
2013-06-29 16:36:12.927 (WARN ) [0x40000fd8c80] :ibm.runjob.LogSignalInfo: Permission denied
2013-06-29 16:36:12.928 (WARN ) [0x40000fd8c80] :ibm.runjob.LogSignalInfo: sent from uid 0 (root)
2013-06-29 16:36:14.272 (WARN ) [0x40000fd8c80] :499427:ibm.runjob.client.Job: terminated by signal 9
2013-06-29 16:36:14.272 (WARN ) [0x40000fd8c80] :499427:ibm.runjob.client.Job: abnormal termination by signal 9 from rank 1543
