go go, powerrangers!
TracingWriter::initialized()
  time: 2013-Jun-29 14:16:13.798324
TracingWriter::stepFinished()
  step: 10 of 200
  elapsed: 00:00:54.400527
  remaining: 00:17:13.610013
  ETA:  2013-Jun-29 14:34:21.808150
  speed: 0.000134006 GLUPS
  effective memory bandwidth 1.64667 GB/s
  time: 2013-Jun-29 14:17:08.202093
TracingWriter::stepFinished()
  step: 20 of 200
  elapsed: 00:01:52.039506
  remaining: 00:16:48.355554
  ETA:  2013-Jun-29 14:34:54.192670
  speed: 0.000130133 GLUPS
  effective memory bandwidth 1.59907 GB/s
  time: 2013-Jun-29 14:18:05.840415
TracingWriter::stepFinished()
  step: 30 of 200
  elapsed: 00:02:49.730880
  remaining: 00:16:01.808320
  ETA:  2013-Jun-29 14:35:05.336810
  speed: 0.000128851 GLUPS
  effective memory bandwidth 1.58332 GB/s
  time: 2013-Jun-29 14:19:03.531704
TracingWriter::stepFinished()
  step: 40 of 200
  elapsed: 00:03:47.290586
  remaining: 00:15:09.162344
  ETA:  2013-Jun-29 14:35:10.250540
  speed: 0.000128294 GLUPS
  effective memory bandwidth 1.57648 GB/s
  time: 2013-Jun-29 14:20:01.091528
TracingWriter::stepFinished()
  step: 50 of 200
  elapsed: 00:04:45.005532
  remaining: 00:14:15.016596
  ETA:  2013-Jun-29 14:35:13.819738
  speed: 0.000127892 GLUPS
  effective memory bandwidth 1.57154 GB/s
  time: 2013-Jun-29 14:20:58.806067
TracingWriter::stepFinished()
  step: 60 of 200
  elapsed: 00:05:42.549982
  remaining: 00:13:19.283291
  ETA:  2013-Jun-29 14:35:15.630883
  speed: 0.000127689 GLUPS
  effective memory bandwidth 1.56905 GB/s
  time: 2013-Jun-29 14:21:56.350700
TracingWriter::stepFinished()
  step: 70 of 200
  elapsed: 00:06:40.116007
  remaining: 00:12:23.072584
  ETA:  2013-Jun-29 14:35:16.986201
  speed: 0.000127538 GLUPS
  effective memory bandwidth 1.56719 GB/s
  time: 2013-Jun-29 14:22:53.916944
TracingWriter::stepFinished()
  step: 80 of 200
  elapsed: 00:07:37.537448
  remaining: 00:11:26.306172
  ETA:  2013-Jun-29 14:35:17.641230
  speed: 0.000127465 GLUPS
  effective memory bandwidth 1.56629 GB/s
  time: 2013-Jun-29 14:23:51.337953
TracingWriter::stepFinished()
  step: 90 of 200
  elapsed: 00:08:35.313232
  remaining: 00:10:29.827283
  ETA:  2013-Jun-29 14:35:18.938125
  speed: 0.000127321 GLUPS
  effective memory bandwidth 1.56452 GB/s
  time: 2013-Jun-29 14:24:49.114212
2013-06-29 14:25:26.951 (WARN ) [0x40000fd8c80] :ibm.runjob.LogSignalInfo: received signal 24
2013-06-29 14:25:26.951 (WARN ) [0x40000fd8c80] :ibm.runjob.LogSignalInfo: signal sent from USER
2013-06-29 14:25:26.951 (WARN ) [0x40000fd8c80] :ibm.runjob.LogSignalInfo: sent from pid 31194
2013-06-29 14:25:26.951 (WARN ) [0x40000fd8c80] :ibm.runjob.LogSignalInfo: could not read /proc/31194/exe
2013-06-29 14:25:26.951 (WARN ) [0x40000fd8c80] :ibm.runjob.LogSignalInfo: Permission denied
2013-06-29 14:25:26.952 (WARN ) [0x40000fd8c80] :ibm.runjob.LogSignalInfo: sent from uid 0 (root)
2013-06-29 14:25:28.621 (WARN ) [0x40000fd8c80] :498880:ibm.runjob.client.Job: terminated by signal 9
2013-06-29 14:25:28.621 (WARN ) [0x40000fd8c80] :498880:ibm.runjob.client.Job: abnormal termination by signal 9 from rank 11842
