go go, powerrangers!
ranks: 2048
dim: (90, 90, 90)
TracingWriter::initialized()
  time: 2013-Jun-30 10:37:07.138343
TracingWriter::stepFinished()
  step: 2 of 200
  elapsed: 00:01:09.611630
  remaining: 01:54:51.551370
  ETA:  2013-Jun-30 12:33:08.300822
  speed: 2.09448e-05 GLUPS
  effective memory bandwidth 0.257369 GB/s
  time: 2013-Jun-30 10:38:16.753423
TracingWriter::stepFinished()
  step: 4 of 200
  elapsed: 00:02:20.203563
  remaining: 01:54:29.974587
  ETA:  2013-Jun-30 12:33:57.315972
  speed: 2.07983e-05 GLUPS
  effective memory bandwidth 0.25557 GB/s
  time: 2013-Jun-30 10:39:27.344596
TracingWriter::stepFinished()
  step: 6 of 200
  elapsed: 00:03:41.908690
  remaining: 01:59:35.047643
  ETA:  2013-Jun-30 12:40:24.094155
  speed: 1.97108e-05 GLUPS
  effective memory bandwidth 0.242206 GB/s
  time: 2013-Jun-30 10:40:49.049728
TracingWriter::stepFinished()
  step: 8 of 200
  elapsed: 00:05:03.594122
  remaining: 02:01:26.258928
  ETA:  2013-Jun-30 12:43:36.990872
  speed: 1.92099e-05 GLUPS
  effective memory bandwidth 0.236051 GB/s
  time: 2013-Jun-30 10:42:10.735042
TracingWriter::stepFinished()
  step: 10 of 200
  elapsed: 00:06:25.025835
  remaining: 02:01:55.490865
  ETA:  2013-Jun-30 12:45:27.654522
  speed: 1.89338e-05 GLUPS
  effective memory bandwidth 0.232658 GB/s
  time: 2013-Jun-30 10:43:32.170227
TracingWriter::stepFinished()
  step: 12 of 200
  elapsed: 00:07:46.649776
  remaining: 02:01:50.846490
  ETA:  2013-Jun-30 12:46:44.634088
  speed: 1.87464e-05 GLUPS
  effective memory bandwidth 0.230356 GB/s
  time: 2013-Jun-30 10:44:53.790729
TracingWriter::stepFinished()
  step: 14 of 200
  elapsed: 00:09:07.660859
  remaining: 02:01:16.065698
  ETA:  2013-Jun-30 12:47:30.864379
  speed: 1.86356e-05 GLUPS
  effective memory bandwidth 0.228995 GB/s
  time: 2013-Jun-30 10:46:14.801893
2013-06-30 10:46:54.136 (WARN ) [0x40000fd8c80] :ibm.runjob.LogSignalInfo: received signal 24
2013-06-30 10:46:54.136 (WARN ) [0x40000fd8c80] :ibm.runjob.LogSignalInfo: signal sent from USER
2013-06-30 10:46:54.136 (WARN ) [0x40000fd8c80] :ibm.runjob.LogSignalInfo: sent from pid 23301
2013-06-30 10:46:54.137 (WARN ) [0x40000fd8c80] :ibm.runjob.LogSignalInfo: could not read /proc/23301/exe
2013-06-30 10:46:54.137 (WARN ) [0x40000fd8c80] :ibm.runjob.LogSignalInfo: Permission denied
2013-06-30 10:46:54.137 (WARN ) [0x40000fd8c80] :ibm.runjob.LogSignalInfo: sent from uid 0 (root)
2013-06-30 10:46:55.494 (WARN ) [0x40000fd8c80] :515002:ibm.runjob.client.Job: terminated by signal 9
2013-06-30 10:46:55.495 (WARN ) [0x40000fd8c80] :515002:ibm.runjob.client.Job: abnormal termination by signal 9 from rank 1284
