go go, powerrangers!
ranks: 2048
dim: (90, 90, 90)
TracingWriter::initialized()
  time: 2013-Jun-29 16:38:31.234817
TracingWriter::stepFinished()
  step: 2 of 200
  elapsed: 00:01:09.693131
  remaining: 01:54:59.619969
  ETA:  2013-Jun-29 18:34:40.547382
  speed: 2.09203e-05 GLUPS
  effective memory bandwidth 0.257068 GB/s
  time: 2013-Jun-29 16:39:40.931288
TracingWriter::stepFinished()
  step: 4 of 200
  elapsed: 00:02:20.492239
  remaining: 01:54:44.119711
  ETA:  2013-Jun-29 18:35:35.846232
  speed: 2.07556e-05 GLUPS
  effective memory bandwidth 0.255045 GB/s
  time: 2013-Jun-29 16:40:51.729781
TracingWriter::stepFinished()
  step: 6 of 200
  elapsed: 00:03:42.249730
  remaining: 01:59:46.074603
  ETA:  2013-Jun-29 18:41:59.558615
  speed: 1.96806e-05 GLUPS
  effective memory bandwidth 0.241835 GB/s
  time: 2013-Jun-29 16:42:13.488392
TracingWriter::stepFinished()
  step: 8 of 200
  elapsed: 00:05:03.767551
  remaining: 02:01:30.421224
  ETA:  2013-Jun-29 18:45:05.423057
  speed: 1.91989e-05 GLUPS
  effective memory bandwidth 0.235916 GB/s
  time: 2013-Jun-29 16:43:35.004638
TracingWriter::stepFinished()
  step: 10 of 200
  elapsed: 00:06:25.353593
  remaining: 02:02:01.718267
  ETA:  2013-Jun-29 18:46:58.306142
  speed: 1.89177e-05 GLUPS
  effective memory bandwidth 0.232461 GB/s
  time: 2013-Jun-29 16:44:56.591070
TracingWriter::stepFinished()
  step: 12 of 200
  elapsed: 00:07:46.755182
  remaining: 02:01:52.497851
  ETA:  2013-Jun-29 18:48:10.487315
  speed: 1.87422e-05 GLUPS
  effective memory bandwidth 0.230304 GB/s
  time: 2013-Jun-29 16:46:17.992630
TracingWriter::stepFinished()
  step: 14 of 200
  elapsed: 00:09:07.946435
  remaining: 02:01:19.859779
  ETA:  2013-Jun-29 18:48:59.040496
  speed: 1.86259e-05 GLUPS
  effective memory bandwidth 0.228875 GB/s
  time: 2013-Jun-29 16:47:39.183735
2013-06-29 16:48:27.468 (WARN ) [0x400011d8c80] :ibm.runjob.LogSignalInfo: received signal 24
2013-06-29 16:48:27.469 (WARN ) [0x400011d8c80] :ibm.runjob.LogSignalInfo: signal sent from USER
2013-06-29 16:48:27.469 (WARN ) [0x400011d8c80] :ibm.runjob.LogSignalInfo: sent from pid 946
2013-06-29 16:48:27.469 (WARN ) [0x400011d8c80] :ibm.runjob.LogSignalInfo: could not read /proc/946/exe
2013-06-29 16:48:27.469 (WARN ) [0x400011d8c80] :ibm.runjob.LogSignalInfo: Permission denied
2013-06-29 16:48:27.469 (WARN ) [0x400011d8c80] :ibm.runjob.LogSignalInfo: sent from uid 0 (root)
2013-06-29 16:48:28.802 (WARN ) [0x400011d8c80] :499589:ibm.runjob.client.Job: terminated by signal 9
2013-06-29 16:48:28.802 (WARN ) [0x400011d8c80] :499589:ibm.runjob.client.Job: abnormal termination by signal 9 from rank 1988
