go go, powerrangers!
ranks: 131072
dim: (761, 761, 761)
TracingWriter::initialized()
  time: 2013-Jun-29 19:34:55.293374
TracingWriter::stepFinished()
  step: 1 of 200
  elapsed: 00:06:03.972369
  remaining: 20:07:10.501431
  ETA:  2013-Jun-30 15:48:09.766602
  speed: 0.00121084 GLUPS
  effective memory bandwidth 14.8788 GB/s
  time: 2013-Jun-29 19:40:59.269320
2013-06-29 19:43:59.195 (WARN ) [0x40000fd8c80] :ibm.runjob.LogSignalInfo: received signal 24
2013-06-29 19:43:59.196 (WARN ) [0x40000fd8c80] :ibm.runjob.LogSignalInfo: signal sent from USER
2013-06-29 19:43:59.196 (WARN ) [0x40000fd8c80] :ibm.runjob.LogSignalInfo: sent from pid 29801
2013-06-29 19:43:59.196 (WARN ) [0x40000fd8c80] :ibm.runjob.LogSignalInfo: could not read /proc/29801/exe
2013-06-29 19:43:59.196 (WARN ) [0x40000fd8c80] :ibm.runjob.LogSignalInfo: Permission denied
2013-06-29 19:43:59.196 (WARN ) [0x40000fd8c80] :ibm.runjob.LogSignalInfo: sent from uid 0 (root)
2013-06-29 19:44:01.308 (WARN ) [0x40000fd8c80] :505042:ibm.runjob.client.Job: terminated by signal 9
2013-06-29 19:44:01.308 (WARN ) [0x40000fd8c80] :505042:ibm.runjob.client.Job: abnormal termination by signal 9 from rank 4416
2013-06-29 19:44:01.308 (WARN ) [0x40000fd8c80] :505042:ibm.runjob.client.Job: 3 RAS events
2013-06-29 19:44:01.308 (WARN ) [0x40000fd8c80] :505042:ibm.runjob.client.Job: most recent RAS event text: DDR Correctable Error Summary : count=95 MCFIR error status:  [MEMORY_CE] This bit is set when a memory CE is detected on a non-maintenance memory read op;
