go go, powerrangers!
ranks: 2048
dim: (190, 190, 190)
TracingWriter::initialized()
  time: 2013-Jun-30 10:39:10.520449
TracingWriter::stepFinished()
  step: 1 of 200
  elapsed: 00:05:48.085900
  remaining: 19:14:29.094100
  ETA:  2013-Jul-01 05:59:27.699946
  speed: 1.97049e-05 GLUPS
  effective memory bandwidth 0.242134 GB/s
  time: 2013-Jun-30 10:44:58.613113
2013-06-30 10:48:52.832 (WARN ) [0x40000fd8c80] :ibm.runjob.LogSignalInfo: received signal 24
2013-06-30 10:48:52.832 (WARN ) [0x40000fd8c80] :ibm.runjob.LogSignalInfo: signal sent from USER
2013-06-30 10:48:52.832 (WARN ) [0x40000fd8c80] :ibm.runjob.LogSignalInfo: sent from pid 24642
2013-06-30 10:48:52.832 (WARN ) [0x40000fd8c80] :ibm.runjob.LogSignalInfo: could not read /proc/24642/exe
2013-06-30 10:48:52.832 (WARN ) [0x40000fd8c80] :ibm.runjob.LogSignalInfo: Permission denied
2013-06-30 10:48:52.833 (WARN ) [0x40000fd8c80] :ibm.runjob.LogSignalInfo: sent from uid 0 (root)
2013-06-30 10:48:54.197 (WARN ) [0x40000fd8c80] :515011:ibm.runjob.client.Job: terminated by signal 9
2013-06-30 10:48:54.197 (WARN ) [0x40000fd8c80] :515011:ibm.runjob.client.Job: abnormal termination by signal 9 from rank 1794
