go go, powerrangers!
ranks: 4096
dim: (239, 239, 239)
TracingWriter::initialized()
  time: 2013-Jun-29 16:21:44.183371
TracingWriter::stepFinished()
  step: 1 of 200
  elapsed: 00:05:30.645449
  remaining: 18:16:38.444351
  ETA:  2013-Jun-30 10:43:53.272632
  speed: 4.12887e-05 GLUPS
  effective memory bandwidth 0.507355 GB/s
  time: 2013-Jun-29 16:27:14.832220
2013-06-29 16:31:23.011 (WARN ) [0x400011d8c80] :ibm.runjob.LogSignalInfo: received signal 24
2013-06-29 16:31:23.012 (WARN ) [0x400011d8c80] :ibm.runjob.LogSignalInfo: signal sent from USER
2013-06-29 16:31:23.012 (WARN ) [0x400011d8c80] :ibm.runjob.LogSignalInfo: sent from pid 23144
2013-06-29 16:31:23.012 (WARN ) [0x400011d8c80] :ibm.runjob.LogSignalInfo: could not read /proc/23144/exe
2013-06-29 16:31:23.012 (WARN ) [0x400011d8c80] :ibm.runjob.LogSignalInfo: Permission denied
2013-06-29 16:31:23.012 (WARN ) [0x400011d8c80] :ibm.runjob.LogSignalInfo: sent from uid 0 (root)
2013-06-29 16:31:24.360 (WARN ) [0x400011d8c80] :499344:ibm.runjob.client.Job: terminated by signal 9
2013-06-29 16:31:24.360 (WARN ) [0x400011d8c80] :499344:ibm.runjob.client.Job: abnormal termination by signal 9 from rank 1795
2013-06-29 16:31:24.360 (WARN ) [0x400011d8c80] :499344:ibm.runjob.client.Job: 1 RAS event
2013-06-29 16:31:24.360 (WARN ) [0x400011d8c80] :499344:ibm.runjob.client.Job: most recent RAS event text: DDR Correctable Error Summary : count=287 MCFIR error status:  [MEMORY_CE] This bit is set when a memory CE is detected on a non-maintenance memory read op;
